
[2020-02-02 18:07:49] Текст ошибки:Нет соединения с БД | Файл D:\open_server\OSPanel\domains\InternetShop\vendor\InternetShop\core\Db.php | Строка: 15
--------------------
[2020-02-02 18:22:53] Текст ошибки:Class 'app\controllers\Cashe' not found | Файл D:\open_server\OSPanel\domains\InternetShop\app\controllers\MainController.php | Строка: 17
--------------------
[2020-02-02 18:23:19] Текст ошибки:Class 'InternetShop\Cashe' not found | Файл D:\open_server\OSPanel\domains\InternetShop\app\controllers\MainController.php | Строка: 17
--------------------
[2020-02-02 18:24:53] Текст ошибки:Class 'InternetShop\Cashe' not found | Файл D:\open_server\OSPanel\domains\InternetShop\app\controllers\MainController.php | Строка: 17
--------------------
[2020-02-02 18:33:01] Текст ошибки:Страница не найдена | Файл D:\open_server\OSPanel\domains\InternetShop\vendor\InternetShop\core\Router.php | Строка: 48
--------------------
[2020-02-02 18:33:01] Текст ошибки:Страница не найдена | Файл D:\open_server\OSPanel\domains\InternetShop\vendor\InternetShop\core\Router.php | Строка: 48
--------------------
[2020-02-02 18:33:01] Текст ошибки:Страница не найдена | Файл D:\open_server\OSPanel\domains\InternetShop\vendor\InternetShop\core\Router.php | Строка: 48
--------------------
[2020-02-15 19:39:09] Текст ошибки:Страница не найдена | Файл D:\open_server\OSPanel\domains\InternetShop\vendor\InternetShop\core\Router.php | Строка: 48
--------------------
[2020-02-15 19:42:59] Текст ошибки:Страница не найдена | Файл D:\open_server\OSPanel\domains\InternetShop\vendor\InternetShop\core\Router.php | Строка: 48
--------------------
[2020-02-15 19:42:59] Текст ошибки:Страница не найдена | Файл D:\open_server\OSPanel\domains\InternetShop\vendor\InternetShop\core\Router.php | Строка: 48
--------------------
[2020-02-15 19:42:59] Текст ошибки:Страница не найдена | Файл D:\open_server\OSPanel\domains\InternetShop\vendor\InternetShop\core\Router.php | Строка: 48
--------------------
[2020-02-15 19:42:59] Текст ошибки:Страница не найдена | Файл D:\open_server\OSPanel\domains\InternetShop\vendor\InternetShop\core\Router.php | Строка: 48
--------------------
[2020-02-15 19:42:59] Текст ошибки:Страница не найдена | Файл D:\open_server\OSPanel\domains\InternetShop\vendor\InternetShop\core\Router.php | Строка: 48
--------------------
[2020-02-15 19:42:59] Текст ошибки:Страница не найдена | Файл D:\open_server\OSPanel\domains\InternetShop\vendor\InternetShop\core\Router.php | Строка: 48
--------------------
[2020-02-15 19:42:59] Текст ошибки:Страница не найдена | Файл D:\open_server\OSPanel\domains\InternetShop\vendor\InternetShop\core\Router.php | Строка: 48
--------------------
[2020-02-15 19:42:59] Текст ошибки:Страница не найдена | Файл D:\open_server\OSPanel\domains\InternetShop\vendor\InternetShop\core\Router.php | Строка: 48
--------------------
[2020-02-15 19:42:59] Текст ошибки:Страница не найдена | Файл D:\open_server\OSPanel\domains\InternetShop\vendor\InternetShop\core\Router.php | Строка: 48
--------------------
[2020-02-15 19:42:59] Текст ошибки:Страница не найдена | Файл D:\open_server\OSPanel\domains\InternetShop\vendor\InternetShop\core\Router.php | Строка: 48
--------------------
[2020-02-15 19:42:59] Текст ошибки:Страница не найдена | Файл D:\open_server\OSPanel\domains\InternetShop\vendor\InternetShop\core\Router.php | Строка: 48
--------------------
[2020-02-15 19:42:59] Текст ошибки:Страница не найдена | Файл D:\open_server\OSPanel\domains\InternetShop\vendor\InternetShop\core\Router.php | Строка: 48
--------------------
[2020-02-15 19:42:59] Текст ошибки:Страница не найдена | Файл D:\open_server\OSPanel\domains\InternetShop\vendor\InternetShop\core\Router.php | Строка: 48
--------------------
[2020-02-15 19:42:59] Текст ошибки:Страница не найдена | Файл D:\open_server\OSPanel\domains\InternetShop\vendor\InternetShop\core\Router.php | Строка: 48
--------------------
[2020-02-15 19:42:59] Текст ошибки:Страница не найдена | Файл D:\open_server\OSPanel\domains\InternetShop\vendor\InternetShop\core\Router.php | Строка: 48
--------------------
[2020-02-15 19:42:59] Текст ошибки:Страница не найдена | Файл D:\open_server\OSPanel\domains\InternetShop\vendor\InternetShop\core\Router.php | Строка: 48
--------------------
[2020-02-15 19:42:59] Текст ошибки:Страница не найдена | Файл D:\open_server\OSPanel\domains\InternetShop\vendor\InternetShop\core\Router.php | Строка: 48
--------------------
[2020-02-15 19:42:59] Текст ошибки:Страница не найдена | Файл D:\open_server\OSPanel\domains\InternetShop\vendor\InternetShop\core\Router.php | Строка: 48
--------------------
[2020-02-15 19:42:59] Текст ошибки:Страница не найдена | Файл D:\open_server\OSPanel\domains\InternetShop\vendor\InternetShop\core\Router.php | Строка: 48
--------------------
[2020-02-15 19:42:59] Текст ошибки:Страница не найдена | Файл D:\open_server\OSPanel\domains\InternetShop\vendor\InternetShop\core\Router.php | Строка: 48
--------------------
[2020-02-15 19:42:59] Текст ошибки:Страница не найдена | Файл D:\open_server\OSPanel\domains\InternetShop\vendor\InternetShop\core\Router.php | Строка: 48
--------------------
[2020-02-15 19:42:59] Текст ошибки:Страница не найдена | Файл D:\open_server\OSPanel\domains\InternetShop\vendor\InternetShop\core\Router.php | Строка: 48
--------------------
[2020-02-15 19:42:59] Текст ошибки:Страница не найдена | Файл D:\open_server\OSPanel\domains\InternetShop\vendor\InternetShop\core\Router.php | Строка: 48
--------------------
[2020-02-15 19:42:59] Текст ошибки:Страница не найдена | Файл D:\open_server\OSPanel\domains\InternetShop\vendor\InternetShop\core\Router.php | Строка: 48
--------------------
[2020-02-15 19:42:59] Текст ошибки:Страница не найдена | Файл D:\open_server\OSPanel\domains\InternetShop\vendor\InternetShop\core\Router.php | Строка: 48
--------------------
[2020-02-15 19:42:59] Текст ошибки:Страница не найдена | Файл D:\open_server\OSPanel\domains\InternetShop\vendor\InternetShop\core\Router.php | Строка: 48
--------------------
[2020-02-15 19:42:59] Текст ошибки:Страница не найдена | Файл D:\open_server\OSPanel\domains\InternetShop\vendor\InternetShop\core\Router.php | Строка: 48
--------------------
[2020-02-15 19:42:59] Текст ошибки:Страница не найдена | Файл D:\open_server\OSPanel\domains\InternetShop\vendor\InternetShop\core\Router.php | Строка: 48
--------------------
[2020-02-15 19:42:59] Текст ошибки:Страница не найдена | Файл D:\open_server\OSPanel\domains\InternetShop\vendor\InternetShop\core\Router.php | Строка: 48
--------------------
[2020-02-15 19:42:59] Текст ошибки:Страница не найдена | Файл D:\open_server\OSPanel\domains\InternetShop\vendor\InternetShop\core\Router.php | Строка: 48
--------------------
[2020-02-15 19:42:59] Текст ошибки:Страница не найдена | Файл D:\open_server\OSPanel\domains\InternetShop\vendor\InternetShop\core\Router.php | Строка: 48
--------------------
[2020-02-15 19:42:59] Текст ошибки:Страница не найдена | Файл D:\open_server\OSPanel\domains\InternetShop\vendor\InternetShop\core\Router.php | Строка: 48
--------------------
[2020-02-15 19:42:59] Текст ошибки:Страница не найдена | Файл D:\open_server\OSPanel\domains\InternetShop\vendor\InternetShop\core\Router.php | Строка: 48
--------------------
[2020-02-15 19:42:59] Текст ошибки:Страница не найдена | Файл D:\open_server\OSPanel\domains\InternetShop\vendor\InternetShop\core\Router.php | Строка: 48
--------------------
[2020-02-15 19:42:59] Текст ошибки:Страница не найдена | Файл D:\open_server\OSPanel\domains\InternetShop\vendor\InternetShop\core\Router.php | Строка: 48
--------------------
[2020-02-15 19:42:59] Текст ошибки:Страница не найдена | Файл D:\open_server\OSPanel\domains\InternetShop\vendor\InternetShop\core\Router.php | Строка: 48
--------------------
[2020-02-15 19:42:59] Текст ошибки:Страница не найдена | Файл D:\open_server\OSPanel\domains\InternetShop\vendor\InternetShop\core\Router.php | Строка: 48
--------------------
[2020-02-15 19:42:59] Текст ошибки:Страница не найдена | Файл D:\open_server\OSPanel\domains\InternetShop\vendor\InternetShop\core\Router.php | Строка: 48
--------------------
[2020-02-15 19:42:59] Текст ошибки:Страница не найдена | Файл D:\open_server\OSPanel\domains\InternetShop\vendor\InternetShop\core\Router.php | Строка: 48
--------------------
[2020-02-15 19:42:59] Текст ошибки:Страница не найдена | Файл D:\open_server\OSPanel\domains\InternetShop\vendor\InternetShop\core\Router.php | Строка: 48
--------------------
[2020-02-15 19:42:59] Текст ошибки:Страница не найдена | Файл D:\open_server\OSPanel\domains\InternetShop\vendor\InternetShop\core\Router.php | Строка: 48
--------------------
[2020-02-15 19:42:59] Текст ошибки:Страница не найдена | Файл D:\open_server\OSPanel\domains\InternetShop\vendor\InternetShop\core\Router.php | Строка: 48
--------------------
[2020-02-15 19:42:59] Текст ошибки:Страница не найдена | Файл D:\open_server\OSPanel\domains\InternetShop\vendor\InternetShop\core\Router.php | Строка: 48
--------------------
[2020-02-15 19:42:59] Текст ошибки:Страница не найдена | Файл D:\open_server\OSPanel\domains\InternetShop\vendor\InternetShop\core\Router.php | Строка: 48
--------------------
[2020-02-15 19:44:30] Текст ошибки:Страница не найдена | Файл D:\open_server\OSPanel\domains\InternetShop\vendor\InternetShop\core\Router.php | Строка: 48
--------------------
[2020-02-15 19:44:30] Текст ошибки:Страница не найдена | Файл D:\open_server\OSPanel\domains\InternetShop\vendor\InternetShop\core\Router.php | Строка: 48
--------------------
[2020-02-15 19:44:30] Текст ошибки:Страница не найдена | Файл D:\open_server\OSPanel\domains\InternetShop\vendor\InternetShop\core\Router.php | Строка: 48
--------------------
[2020-02-15 19:44:30] Текст ошибки:Страница не найдена | Файл D:\open_server\OSPanel\domains\InternetShop\vendor\InternetShop\core\Router.php | Строка: 48
--------------------
[2020-02-15 19:44:30] Текст ошибки:Страница не найдена | Файл D:\open_server\OSPanel\domains\InternetShop\vendor\InternetShop\core\Router.php | Строка: 48
--------------------
[2020-02-15 19:44:30] Текст ошибки:Страница не найдена | Файл D:\open_server\OSPanel\domains\InternetShop\vendor\InternetShop\core\Router.php | Строка: 48
--------------------
[2020-02-15 19:44:30] Текст ошибки:Страница не найдена | Файл D:\open_server\OSPanel\domains\InternetShop\vendor\InternetShop\core\Router.php | Строка: 48
--------------------
[2020-02-15 19:44:30] Текст ошибки:Страница не найдена | Файл D:\open_server\OSPanel\domains\InternetShop\vendor\InternetShop\core\Router.php | Строка: 48
--------------------
[2020-02-15 19:44:30] Текст ошибки:Страница не найдена | Файл D:\open_server\OSPanel\domains\InternetShop\vendor\InternetShop\core\Router.php | Строка: 48
--------------------
[2020-02-15 19:44:30] Текст ошибки:Страница не найдена | Файл D:\open_server\OSPanel\domains\InternetShop\vendor\InternetShop\core\Router.php | Строка: 48
--------------------
[2020-02-15 19:44:30] Текст ошибки:Страница не найдена | Файл D:\open_server\OSPanel\domains\InternetShop\vendor\InternetShop\core\Router.php | Строка: 48
--------------------
[2020-02-15 19:44:30] Текст ошибки:Страница не найдена | Файл D:\open_server\OSPanel\domains\InternetShop\vendor\InternetShop\core\Router.php | Строка: 48
--------------------
[2020-02-15 19:44:30] Текст ошибки:Страница не найдена | Файл D:\open_server\OSPanel\domains\InternetShop\vendor\InternetShop\core\Router.php | Строка: 48
--------------------
[2020-02-15 19:44:30] Текст ошибки:Страница не найдена | Файл D:\open_server\OSPanel\domains\InternetShop\vendor\InternetShop\core\Router.php | Строка: 48
--------------------
[2020-02-15 19:44:30] Текст ошибки:Страница не найдена | Файл D:\open_server\OSPanel\domains\InternetShop\vendor\InternetShop\core\Router.php | Строка: 48
--------------------
[2020-02-15 19:44:30] Текст ошибки:Страница не найдена | Файл D:\open_server\OSPanel\domains\InternetShop\vendor\InternetShop\core\Router.php | Строка: 48
--------------------
[2020-02-15 19:44:30] Текст ошибки:Страница не найдена | Файл D:\open_server\OSPanel\domains\InternetShop\vendor\InternetShop\core\Router.php | Строка: 48
--------------------
[2020-02-15 19:44:30] Текст ошибки:Страница не найдена | Файл D:\open_server\OSPanel\domains\InternetShop\vendor\InternetShop\core\Router.php | Строка: 48
--------------------
[2020-02-15 19:44:30] Текст ошибки:Страница не найдена | Файл D:\open_server\OSPanel\domains\InternetShop\vendor\InternetShop\core\Router.php | Строка: 48
--------------------
[2020-02-15 19:44:30] Текст ошибки:Страница не найдена | Файл D:\open_server\OSPanel\domains\InternetShop\vendor\InternetShop\core\Router.php | Строка: 48
--------------------
[2020-02-15 19:44:30] Текст ошибки:Страница не найдена | Файл D:\open_server\OSPanel\domains\InternetShop\vendor\InternetShop\core\Router.php | Строка: 48
--------------------
[2020-02-15 19:44:30] Текст ошибки:Страница не найдена | Файл D:\open_server\OSPanel\domains\InternetShop\vendor\InternetShop\core\Router.php | Строка: 48
--------------------
[2020-02-15 19:44:30] Текст ошибки:Страница не найдена | Файл D:\open_server\OSPanel\domains\InternetShop\vendor\InternetShop\core\Router.php | Строка: 48
--------------------
[2020-02-15 19:44:30] Текст ошибки:Страница не найдена | Файл D:\open_server\OSPanel\domains\InternetShop\vendor\InternetShop\core\Router.php | Строка: 48
--------------------
[2020-02-15 19:44:30] Текст ошибки:Страница не найдена | Файл D:\open_server\OSPanel\domains\InternetShop\vendor\InternetShop\core\Router.php | Строка: 48
--------------------
[2020-02-15 19:44:30] Текст ошибки:Страница не найдена | Файл D:\open_server\OSPanel\domains\InternetShop\vendor\InternetShop\core\Router.php | Строка: 48
--------------------
[2020-02-15 19:44:30] Текст ошибки:Страница не найдена | Файл D:\open_server\OSPanel\domains\InternetShop\vendor\InternetShop\core\Router.php | Строка: 48
--------------------
[2020-02-15 19:44:30] Текст ошибки:Страница не найдена | Файл D:\open_server\OSPanel\domains\InternetShop\vendor\InternetShop\core\Router.php | Строка: 48
--------------------
[2020-02-15 19:44:30] Текст ошибки:Страница не найдена | Файл D:\open_server\OSPanel\domains\InternetShop\vendor\InternetShop\core\Router.php | Строка: 48
--------------------
[2020-02-15 19:44:30] Текст ошибки:Страница не найдена | Файл D:\open_server\OSPanel\domains\InternetShop\vendor\InternetShop\core\Router.php | Строка: 48
--------------------
[2020-02-15 19:44:30] Текст ошибки:Страница не найдена | Файл D:\open_server\OSPanel\domains\InternetShop\vendor\InternetShop\core\Router.php | Строка: 48
--------------------
[2020-02-15 19:44:30] Текст ошибки:Страница не найдена | Файл D:\open_server\OSPanel\domains\InternetShop\vendor\InternetShop\core\Router.php | Строка: 48
--------------------
[2020-02-15 19:44:30] Текст ошибки:Страница не найдена | Файл D:\open_server\OSPanel\domains\InternetShop\vendor\InternetShop\core\Router.php | Строка: 48
--------------------
[2020-02-15 19:44:30] Текст ошибки:Страница не найдена | Файл D:\open_server\OSPanel\domains\InternetShop\vendor\InternetShop\core\Router.php | Строка: 48
--------------------
[2020-02-15 19:44:30] Текст ошибки:Страница не найдена | Файл D:\open_server\OSPanel\domains\InternetShop\vendor\InternetShop\core\Router.php | Строка: 48
--------------------
[2020-02-15 19:44:30] Текст ошибки:Страница не найдена | Файл D:\open_server\OSPanel\domains\InternetShop\vendor\InternetShop\core\Router.php | Строка: 48
--------------------
[2020-02-15 19:44:30] Текст ошибки:Страница не найдена | Файл D:\open_server\OSPanel\domains\InternetShop\vendor\InternetShop\core\Router.php | Строка: 48
--------------------
[2020-02-15 19:44:30] Текст ошибки:Страница не найдена | Файл D:\open_server\OSPanel\domains\InternetShop\vendor\InternetShop\core\Router.php | Строка: 48
--------------------
[2020-02-15 19:44:30] Текст ошибки:Страница не найдена | Файл D:\open_server\OSPanel\domains\InternetShop\vendor\InternetShop\core\Router.php | Строка: 48
--------------------
[2020-02-15 19:44:30] Текст ошибки:Страница не найдена | Файл D:\open_server\OSPanel\domains\InternetShop\vendor\InternetShop\core\Router.php | Строка: 48
--------------------
[2020-02-15 19:46:11] Текст ошибки:Страница не найдена | Файл D:\open_server\OSPanel\domains\InternetShop\vendor\InternetShop\core\Router.php | Строка: 48
--------------------
[2020-02-15 19:46:26] Текст ошибки:Страница не найдена | Файл D:\open_server\OSPanel\domains\InternetShop\vendor\InternetShop\core\Router.php | Строка: 48
--------------------
[2020-02-15 19:46:35] Текст ошибки:Страница не найдена | Файл D:\open_server\OSPanel\domains\InternetShop\vendor\InternetShop\core\Router.php | Строка: 48
--------------------
[2020-02-15 19:52:10] Текст ошибки:Страница не найдена | Файл D:\open_server\OSPanel\domains\InternetShop\vendor\InternetShop\core\Router.php | Строка: 48
--------------------
[2020-02-15 20:03:00] Текст ошибки:Страница не найдена | Файл D:\open_server\OSPanel\domains\InternetShop\vendor\InternetShop\core\Router.php | Строка: 48
--------------------
[2020-02-15 20:39:48] Текст ошибки:Страница не найдена | Файл D:\open_server\OSPanel\domains\InternetShop\vendor\InternetShop\core\Router.php | Строка: 48
--------------------
[2020-02-15 20:39:56] Текст ошибки:Страница не найдена | Файл D:\open_server\OSPanel\domains\InternetShop\vendor\InternetShop\core\Router.php | Строка: 48
--------------------
[2020-02-15 20:39:58] Текст ошибки:Страница не найдена | Файл D:\open_server\OSPanel\domains\InternetShop\vendor\InternetShop\core\Router.php | Строка: 48
--------------------
[2020-02-15 20:40:16] Текст ошибки:Страница не найдена | Файл D:\open_server\OSPanel\domains\InternetShop\vendor\InternetShop\core\Router.php | Строка: 48
--------------------
[2020-02-15 20:40:26] Текст ошибки:Страница не найдена | Файл D:\open_server\OSPanel\domains\InternetShop\vendor\InternetShop\core\Router.php | Строка: 48
--------------------
[2020-02-15 20:40:39] Текст ошибки:Страница не найдена | Файл D:\open_server\OSPanel\domains\InternetShop\vendor\InternetShop\core\Router.php | Строка: 48
--------------------
[2020-02-15 20:41:28] Текст ошибки:Страница не найдена | Файл D:\open_server\OSPanel\domains\InternetShop\vendor\InternetShop\core\Router.php | Строка: 48
--------------------
